C51 COMPILER V9.54   MAIN                                                                  02/18/2022 13:20:05 PAGE 1   


C51 COMPILER V9.54, COMPILATION OF MODULE MAIN
OBJECT MODULE PLACED IN .\Objects\main.obj
COMPILER INVOKED BY: E:\Keil5\C51\BIN\C51.EXE main.c OPTIMIZE(8,SPEED) BROWSE DEBUG OBJECTEXTEND PRINT(.\Listings\main.l
                    -st) TABS(2) OBJECT(.\Objects\main.obj)

line level    source

   1          /*******************************************************************************  
   2          * 文件名称：通过DS18B20采集环境温度实验
   3          * 实验配置：J13跳线配置为IO方式，J5配置为BTN、J2配置为1-3和2-4
   4          * 实验现象：数码管显示采集的温度数值
   5          * 硬件环境：IAP15F2K61S2单片机，单片机内部振荡器频率：12M
   6          * 注意事项：要用到_nop_()必须要包含intrins.h头文件
   7          *******************************************************************************/
   8          #include "stc15.h"
   9          #include "onewire.h"
  10          #include "iic.h"
  11          unsigned char code SMG_duanma[21]=
  12          {0xc0,0xf9,0xa4,0xb0,0x99,0x92,0x82,0xf8,
  13               0x80,0x90,0x88,0x80,0xc6,0xc0,0x86,0x8e,0xbf,0x7f,0x8C,0xc1,0xc8
  14          };//- . P U n
  15          unsigned int temperature;//0-65535
  16          //unsigned int count;
  17          sbit HC138_A = P2^5;
  18          sbit HC138_B = P2^6;
  19          sbit HC138_C = P2^7;
  20          sbit S7 = P3^0;
  21          sbit S6 = P3^1;
  22          sbit S5 = P3^2;
  23          sbit S4 = P3^3;
  24          
  25          sbit L1 = P0^0;
  26          sbit L2 = P0^1; 
  27          sbit L3 = P0^2; 
  28          sbit L4 = P0^3; 
  29          unsigned char display_flag;
  30          unsigned char Tmax_Tmin_flag;
  31          unsigned char Tmax = 30,Tmin = 20;
  32          unsigned char TmaxLast ,TminLast ;
  33          void HC138_Select(unsigned char i);
  34          void Display_SEG_Bit(unsigned char pos,unsigned char value);
  35          void DelaySMG(unsigned int times);  
  36          void Display_Temp_Can();
  37          void DelayK(unsigned char t);
  38          void Key_Scan();
  39          void DAC_OUT();
  40          void main()
  41          {
  42   1          HC138_Select(4);
  43   1          P0=0X00;
  44   1          HC138_Select(1);
  45   1          P0=0XFF;
  46   1          TmaxLast = Tmax;
  47   1          TminLast = Tmin;
  48   1          while(1)
  49   1          {
  50   2            temperature = (unsigned int)(read_temperature()); 
  51   2            Key_Scan();
  52   2            Display_Temp_Can();
  53   2            DAC_OUT();
  54   2          }
C51 COMPILER V9.54   MAIN                                                                  02/18/2022 13:20:05 PAGE 2   

  55   1      }
  56          void Display_Temp_Can()
  57          {
  58   1        if(display_flag==0)
  59   1        {
  60   2          if(temperature!=85)
  61   2          { 
  62   3            Display_SEG_Bit(1,12);
  63   3            Display_SEG_Bit(7,temperature/10%10);
  64   3            Display_SEG_Bit(8,temperature%10);
  65   3          }
  66   2        }
  67   1        else
  68   1        {
  69   2          Display_SEG_Bit(1,18);
  70   2          Display_SEG_Bit(4,Tmax/10);
  71   2          Display_SEG_Bit(5,Tmax%10);
  72   2          Display_SEG_Bit(7,Tmin/10);
  73   2          Display_SEG_Bit(8,Tmin%10);
  74   2        }
  75   1      }
  76          void Display_SEG_Bit(unsigned char pos,unsigned char value)
  77          {
  78   1        HC138_Select(3);//位选
  79   1        P0 = 0x00;
  80   1        P0 = 0x01<<(pos-1);
  81   1        HC138_Select(2);//段选
  82   1        P0 = 0xff;
  83   1        P0 = SMG_duanma[value];
  84   1        DelaySMG(1);
  85   1        P0 = 0xff;
  86   1      }
  87          void HC138_Select(unsigned char i)
  88          {
  89   1        switch(i)
  90   1        {
  91   2          case 1://LED
  92   2              HC138_A = 0;
  93   2              HC138_B = 0;
  94   2              HC138_C = 1;
  95   2              break;
  96   2          case 2://SEG
  97   2              HC138_A = 1;
  98   2              HC138_B = 1;
  99   2              HC138_C = 1;
 100   2              break;
 101   2          case 3://Bit
 102   2              HC138_A = 0;
 103   2              HC138_B = 1;
 104   2              HC138_C = 1;
 105   2              break;
 106   2          case 4://达林顿管阵列 取反门
 107   2              HC138_A = 1;
 108   2              HC138_B = 0;
 109   2              HC138_C = 1;
 110   2              break;
 111   2          default:break;
 112   2        }
 113   1      }
 114          void DelaySMG(unsigned int times)   //@12.000MHz
 115          {
 116   1        unsigned char i,j;
C51 COMPILER V9.54   MAIN                                                                  02/18/2022 13:20:05 PAGE 3   

 117   1        unsigned int n;
 118   1        for(n = 0;n < times;n++)
 119   1        {
 120   2          i = 12;
 121   2          j = 50;
 122   2          do
 123   2          {
 124   3            while (--j);
 125   3          }
 126   2          while (--i);
 127   2        }
 128   1      
 129   1      }
 130          void Key_Scan()
 131          {
 132   1        if(S4==0)
 133   1        {
 134   2          DelayK(30);
 135   2          if(S4==0)
 136   2          {
 137   3            while(S4==0)
 138   3            {
 139   4              Display_Temp_Can();
 140   4            }
 141   3            display_flag = !display_flag;
 142   3            if(display_flag==1)
 143   3            {
 144   4              TmaxLast = Tmax;
 145   4              TminLast = Tmin;
 146   4            }
 147   3            else
 148   3            {
 149   4              if(Tmin>Tmax)
 150   4              {
 151   5                Tmax = TmaxLast;
 152   5                Tmin = TminLast;
 153   5              }
 154   4            }
 155   3          }
 156   2        }
 157   1        
 158   1          if(S5==0)
 159   1        {
 160   2          DelayK(30);
 161   2          if(S5==0)
 162   2          {
 163   3            while(S5==0)
 164   3            {
 165   4              Display_Temp_Can();
 166   4            }
 167   3            if(display_flag==1)
 168   3            {
 169   4              Tmax_Tmin_flag = !Tmax_Tmin_flag;
 170   4            }
 171   3          }
 172   2        }
 173   1        
 174   1          if(S6==0)//+1
 175   1        {
 176   2          DelayK(30);
 177   2          if(S6==0)
 178   2          {
C51 COMPILER V9.54   MAIN                                                                  02/18/2022 13:20:05 PAGE 4   

 179   3            while(S6==0)
 180   3            {
 181   4              Display_Temp_Can();
 182   4            }
 183   3            if(display_flag==1)
 184   3            {
 185   4            if(Tmax_Tmin_flag==0)
 186   4            {
 187   5              if(Tmin<=98)
 188   5              {
 189   6                Tmin++;
 190   6              }
 191   5            }
 192   4            else
 193   4            {
 194   5              if(Tmax<=98)
 195   5              {
 196   6                Tmax++;
 197   6              }
 198   5            }
 199   4          }
 200   3          }
 201   2        }
 202   1        
 203   1        
 204   1        
 205   1          if(S7==0)//-1
 206   1        {
 207   2          DelayK(30);
 208   2          if(S7==0)
 209   2          {
 210   3            while(S7==0)
 211   3            {
 212   4              Display_Temp_Can();
 213   4            }
 214   3            if(display_flag==1)
 215   3            {
 216   4            if(Tmax_Tmin_flag==0)
 217   4            {
 218   5              if(Tmin>=1)
 219   5              {
 220   6                Tmin--;
 221   6              }
 222   5            }
 223   4            else
 224   4            {
 225   5              if(Tmax>=1)
 226   5              {
 227   6                Tmax--;
 228   6              }
 229   5            }
 230   4          }}
 231   2        }
 232   1      }
 233          void DelayK(unsigned char t)
 234          {
 235   1        while(t--)
 236   1        {
 237   2          Display_Temp_Can();
 238   2        }
 239   1      }
 240          void DAC_OUT()
C51 COMPILER V9.54   MAIN                                                                  02/18/2022 13:20:05 PAGE 5   

 241          {
 242   1        unsigned char temp;
 243   1        if(Tmin<=Tmax)
 244   1        {
 245   2          if(temperature>Tmax)
 246   2          {
 247   3            temp = 51*4.1;//51*4
 248   3            HC138_Select(1);
 249   3            L1 = 0;
 250   3          }
 251   2          else if((temperature>=Tmin)&&(temperature<=Tmax))
 252   2          {
 253   3            temp = 51*3.1;//51*3
 254   3            HC138_Select(1);
 255   3            L2 = 0;
 256   3          }
 257   2          else if(temperature<Tmin)
 258   2          {
 259   3            temp = 51*2.1;//51*2
 260   3            HC138_Select(1);
 261   3            L3 = 0;
 262   3          }
 263   2        }
 264   1        else
 265   1        {
 266   2          temp = 0;
 267   2          HC138_Select(1);
 268   2          L4 = 0;
 269   2        }
 270   1        
 271   1        IIC_Start();//IIC总线起始信号
 272   1        IIC_SendByte(0x90);//发送PCF8591的写设备地址
 273   1        IIC_WaitAck();//等待从机应答
 274   1        IIC_SendByte(0x40);//发送控制字节，选择DA模式
 275   1        IIC_WaitAck();//等待从机应答
 276   1        IIC_SendByte(temp);//发送0-255
 277   1        IIC_WaitAck();//等待从机应答
 278   1        IIC_Stop();//IIC总线起始信号
 279   1      }


MODULE INFORMATION:   STATIC OVERLAYABLE
   CODE SIZE        =    607    ----
   CONSTANT SIZE    =     21    ----
   XDATA SIZE       =   ----    ----
   PDATA SIZE       =   ----    ----
   DATA SIZE        =      8       4
   IDATA SIZE       =   ----    ----
   BIT SIZE         =   ----    ----
END OF MODULE INFORMATION.


C51 COMPILATION COMPLETE.  0 WARNING(S),  0 ERROR(S)
