C51 COMPILER V9.54   MAIN                                                                  02/21/2022 14:18:10 PAGE 1   


C51 COMPILER V9.54, COMPILATION OF MODULE MAIN
OBJECT MODULE PLACED IN .\Objects\main.obj
COMPILER INVOKED BY: E:\Keil5\C51\BIN\C51.EXE main.c OPTIMIZE(8,SPEED) BROWSE DEBUG OBJECTEXTEND PRINT(.\Listings\main.l
                    -st) TABS(2) OBJECT(.\Objects\main.obj)

line level    source

   1          /*******************************************************************************  
   2          * 文件名称：矩阵键盘实验（行列扫描法）
   3          * 实验配置：J13跳线配置为IO方式，J5配置为KBD、J2配置为1-3和2-4
   4          * 实验现象：当按下并松开按键时第1、2个数码管显示相应的键值，键值范围为0-15
   5          * 硬件环境：IAP15F2K61S2单片机，单片机内部振荡器频率：12M
   6          * 注意事项：要用到_nop_()必须要包含intrins.h头文件
   7          *******************************************************************************/
   8          #include <stc15.h>
   9          #include "onewire.h"
  10          unsigned char code SMG_duanma[18]=
  11          {0xc0,0xf9,0xa4,0xb0,0x99,0x92,0x82,0xf8,
  12               0x80,0x90,0x88,0x80,0xc6,0xc0,0x86,0x8e,0xbf,0x7f
  13          };
  14          sbit HC138_A = P2^5;
  15          sbit HC138_B = P2^6;
  16          sbit HC138_C = P2^7;
  17          sbit C1 = P4^4;
  18          sbit C2 = P4^2;
  19          sbit C3 = P3^5;
  20          unsigned char keyVal;
  21          unsigned char shezhi_count;
  22          unsigned char shezhi_flag;
  23          unsigned char qujian_mode;
  24          unsigned char TIME_MAX;
  25          unsigned char led_count;
  26          unsigned char led_flag;
  27          unsigned int temperature;
  28          unsigned int Tmax=30,Tmin=20;
  29          unsigned int TmaxLast=30,TminLast=20;
  30          void Display_KBD();
  31          void HC138_Select(unsigned char i);
  32          void Display_SEG_Bit(unsigned char pos,unsigned char value);
  33          void DelayK(unsigned char t);
  34          void delay_seg(unsigned int times);
  35          void Key_Scan();
  36          void LED_Control();
  37          void Timer0_Init();
  38          void Function_Key();
  39          void main()
  40          {
  41   1        HC138_Select(4);
  42   1        P0=0X00;
  43   1        HC138_Select(1);
  44   1        P0=0XFF;
  45   1        Timer0_Init();
  46   1        while(1)
  47   1        {
  48   2          temperature = (unsigned int)(read_temperature()); 
  49   2          Function_Key();
  50   2          Display_KBD();
  51   2          LED_Control();
  52   2        }
  53   1      }
  54          void LED_Control()
C51 COMPILER V9.54   MAIN                                                                  02/21/2022 14:18:10 PAGE 2   

  55          {
  56   1        if(TR0==1)
  57   1        {
  58   2        if(led_flag==0)
  59   2        {
  60   3          HC138_Select(1);
  61   3          P0 = 0xFF;
  62   3          P00 = 0;
  63   3        }
  64   2        else
  65   2        {
  66   3          HC138_Select(1);
  67   3          P0 = 0xFF;
  68   3          P00 = 1;
  69   3        }}
  70   1      //  else
  71   1      //  {
  72   1      //    HC138_Select(1);
  73   1      //    P0 = 0xFF;
  74   1      //  }
  75   1      }
  76          void Display_KBD()
  77          {
  78   1        if(temperature!=85) 
  79   1        {
  80   2        if(shezhi_count==0)
  81   2        {
  82   3        if(Tmin<=Tmax)
  83   3        {
  84   4        
  85   4        if(temperature<Tmin)
  86   4        {
  87   5          qujian_mode = 0;
  88   5          TIME_MAX    = 16;
  89   5      //    HC138_Select(4);
  90   5      //    P0 = 0x00;
  91   5        }
  92   4        else if((temperature>=Tmin)&&(temperature<=Tmax))
  93   4        {
  94   5          qujian_mode = 1;
  95   5          TIME_MAX    = 8;
  96   5      //    HC138_Select(4);
  97   5      //    P0 = 0x00;
  98   5        }
  99   4        else if(temperature>Tmax)
 100   4        {
 101   5          qujian_mode = 2;
 102   5          TIME_MAX    = 4;
 103   5          if(TR0==1)
 104   5          {
 105   6              HC138_Select(4);
 106   6              P04 = 1;
 107   6              P06 = 0;
 108   6              HC138_Select(1);
 109   6              P06 = 1;
 110   6          }
 111   5        }
 112   4        else
 113   4        {
 114   5          
 115   5        }
 116   4        }
C51 COMPILER V9.54   MAIN                                                                  02/21/2022 14:18:10 PAGE 3   

 117   3      
 118   3        
 119   3        }
 120   2        if(shezhi_flag==0)
 121   2        {
 122   3          Display_SEG_Bit(1,16);
 123   3          if(qujian_mode!=3)
 124   3          {
 125   4            Display_SEG_Bit(2,qujian_mode);
 126   4          }
 127   3          else
 128   3          {
 129   4            Display_SEG_Bit(2,15);
 130   4          }
 131   3          Display_SEG_Bit(3,16);
 132   3          Display_SEG_Bit(7,temperature/10%10);
 133   3          Display_SEG_Bit(8,temperature%10);
 134   3        }
 135   2        else
 136   2        {
 137   3          Display_SEG_Bit(1,16);
 138   3          Display_SEG_Bit(6,16);
 139   3          Display_SEG_Bit(2,Tmax/10%10);
 140   3          Display_SEG_Bit(3,Tmax%10);
 141   3          Display_SEG_Bit(7,Tmin/10%10);
 142   3          Display_SEG_Bit(8,Tmin%10);
 143   3        }
 144   2        
 145   2      }
 146   1      }
 147          void Timer0_Init()
 148          {
 149   1        TMOD = 0X00;
 150   1        TH0 = (65536-50000)/256;
 151   1        TL0 = (65536-50000)%256;
 152   1        EA  = 1;
 153   1        ET0 = 1;
 154   1        TR0 = 1;
 155   1      }
 156          void Timer0Service()interrupt 1
 157          {
 158   1        led_count++;
 159   1        if(led_count>=TIME_MAX)
 160   1        {
 161   2          led_count = 0;
 162   2          led_flag = !led_flag;
 163   2        }
 164   1      }
 165          void Function_Key()
 166          {
 167   1        unsigned char temp;
 168   1        Key_Scan();
 169   1        if(keyVal==11)
 170   1        {
 171   2          keyVal = 0;
 172   2          shezhi_flag = !shezhi_flag;
 173   2          shezhi_count = 0;
 174   2          if(shezhi_flag==1)
 175   2          {
 176   3            TmaxLast = Tmax;
 177   3            TminLast = Tmin;
 178   3            TR0 = 0;
C51 COMPILER V9.54   MAIN                                                                  02/21/2022 14:18:10 PAGE 4   

 179   3            led_count = 0;
 180   3      //      HC138_Select(1);
 181   3      //      P0 = 0xFF;
 182   3            HC138_Select(4);
 183   3            P04 = 0;
 184   3            P06 = 0;
 185   3      //      HC138_Select(1);
 186   3      //      P06 = 1;
 187   3            HC138_Select(1);
 188   3            P0 = 0xFF;
 189   3          }
 190   2          else
 191   2          {
 192   3            TR0 = 1;
 193   3          }
 194   2        }
 195   1        else if(keyVal==12)
 196   1        {
 197   2          keyVal = 0;
 198   2          if(shezhi_flag==1)
 199   2          {
 200   3            Tmax = TmaxLast;
 201   3            Tmin = TminLast;
 202   3            shezhi_count = 0;
 203   3          }
 204   2        }
 205   1        else if(keyVal!=0)
 206   1        {
 207   2          temp = keyVal;
 208   2          keyVal = 0;
 209   2          if(shezhi_flag==1)
 210   2          {
 211   3            shezhi_count++;
 212   3            if(shezhi_count>=5)
 213   3            {
 214   4              shezhi_count = 66;//继续按键不再视为有效输入
 215   4            }
 216   3            if(shezhi_count==1)
 217   3            {
 218   4              Tmax = (temp-1)*10+Tmax%10;
 219   4            }
 220   3            else if(shezhi_count==2)
 221   3            {
 222   4              Tmax = Tmax/10*10+(temp-1);
 223   4            }
 224   3            else if(shezhi_count==3)
 225   3            {
 226   4              Tmin = (temp-1)*10+Tmin%10;
 227   4            }
 228   3            else if(shezhi_count==4)
 229   3            {
 230   4              Tmin = Tmin/10*10+(temp-1);
 231   4            }
 232   3            else
 233   3            {
 234   4              
 235   4            }
 236   3          }
 237   2        }
 238   1        if(shezhi_count==0)
 239   1        {
 240   2        if(Tmin>Tmax)
C51 COMPILER V9.54   MAIN                                                                  02/21/2022 14:18:10 PAGE 5   

 241   2        {
 242   3          TR0 = 0;
 243   3          led_count = 0;
 244   3          HC138_Select(1);
 245   3          P0 = 0xFF;
 246   3          P01 = 0;
 247   3          qujian_mode = 3;
 248   3        }
 249   2        else
 250   2        {
 251   3          HC138_Select(1);
 252   3          P0 = 0xFF;
 253   3          P01 = 1;
 254   3        }
 255   2        }
 256   1      }
 257          void Key_Scan()
 258          {
 259   1        unsigned char i;
 260   1        C1 = C2 = C3 = 1;//每次判断前把全部列线拉高
 261   1        for(i=0;i<4;i++)
 262   1        {
 263   2          P3 |= 0x0f;
 264   2          P3 &= ~(1<<i);//依次把每行拉低：每次只有一行拉低，其余为高
 265   2          if(C1==0)
 266   2          {
 267   3            DelayK(20);
 268   3            if(C1==0)
 269   3            {
 270   4              while(C1==0)
 271   4              {
 272   5                Display_KBD();
 273   5              }
 274   4              keyVal = i*3+1;
 275   4              break;
 276   4            }
 277   3          }
 278   2          else if(C2==0)
 279   2          {
 280   3            DelayK(20);
 281   3            if(C2==0)
 282   3            {
 283   4              while(C2==0)
 284   4              {
 285   5                Display_KBD();
 286   5              }
 287   4              keyVal = i*3+2;
 288   4              break;
 289   4            }
 290   3          }
 291   2          else if(C3==0)
 292   2          {
 293   3            DelayK(20);
 294   3            if(C3==0)
 295   3            {
 296   4              while(C3==0)
 297   4              {
 298   5                Display_KBD();
 299   5              }
 300   4              keyVal = i*3+3;
 301   4              break;
 302   4            }
C51 COMPILER V9.54   MAIN                                                                  02/21/2022 14:18:10 PAGE 6   

 303   3          }
 304   2        }
 305   1        
 306   1        //return keyVal;
 307   1      
 308   1      }
 309          
 310          
 311          void Display_SEG_Bit(unsigned char pos,unsigned char value)
 312          {
 313   1        HC138_Select(3);//位选
 314   1        P0 = 0x00;//关闭所有数码管
 315   1        P0 = (0x01<<(pos-1));
 316   1        HC138_Select(2);//段选
 317   1        P0 = 0xFF;//关闭所有段选
 318   1        P0 = SMG_duanma[value];
 319   1        delay_seg(1);
 320   1        // P0 = 0x00;//消影
 321   1        P0 = 0xFF;
 322   1      }
 323          void HC138_Select(unsigned char i)
 324          {
 325   1        switch(i)
 326   1        {
 327   2          case 1://LED
 328   2              HC138_A = 0;
 329   2              HC138_B = 0;
 330   2              HC138_C = 1;
 331   2              break;
 332   2          case 2://SEG
 333   2              HC138_A = 1;
 334   2              HC138_B = 1;
 335   2              HC138_C = 1;
 336   2              break;
 337   2          case 3://Bit
 338   2              HC138_A = 0;
 339   2              HC138_B = 1;
 340   2              HC138_C = 1;
 341   2              break;
 342   2          case 4://达林顿管阵列 取反门
 343   2              HC138_A = 1;
 344   2              HC138_B = 0;
 345   2              HC138_C = 1;
 346   2              break;
 347   2          default:break;
 348   2        }
 349   1      }
 350          
 351          void delay_seg(unsigned int times)    //@12.000MHz
 352          {
 353   1        unsigned char i,j;
 354   1        unsigned int n;
 355   1        for(n = 0;n < times;n++)
 356   1        {
 357   2          i = 12;
 358   2          j = 50;
 359   2          do
 360   2          {
 361   3            while (--j);
 362   3          }
 363   2          while (--i);
 364   2        }
C51 COMPILER V9.54   MAIN                                                                  02/21/2022 14:18:10 PAGE 7   

 365   1      }
 366          void DelayK(unsigned char t)
 367          {
 368   1        while(t--)
 369   1        {
 370   2          Display_KBD();
 371   2        }
 372   1      }


MODULE INFORMATION:   STATIC OVERLAYABLE
   CODE SIZE        =    985    ----
   CONSTANT SIZE    =     18    ----
   XDATA SIZE       =   ----    ----
   PDATA SIZE       =   ----    ----
   DATA SIZE        =     17       5
   IDATA SIZE       =   ----    ----
   BIT SIZE         =   ----    ----
END OF MODULE INFORMATION.


C51 COMPILATION COMPLETE.  0 WARNING(S),  0 ERROR(S)
