C51 COMPILER V9.54   DS1302                                                                03/02/2022 16:18:21 PAGE 1   


C51 COMPILER V9.54, COMPILATION OF MODULE DS1302
OBJECT MODULE PLACED IN .\Objects\ds1302.obj
COMPILER INVOKED BY: E:\Keil5\C51\BIN\C51.EXE ds1302.c OPTIMIZE(8,SPEED) BROWSE DEBUG OBJECTEXTEND PRINT(.\Listings\ds13
                    -02.lst) TABS(2) OBJECT(.\Objects\ds1302.obj)

line level    source

   1          /*
   2            程序说明: DS1302驱动程序
   3            软件环境: Keil uVision 4.10 
   4            硬件环境: CT107单片机综合实训平台 8051，12MHz
   5            日    期: 2011-8-9
   6          */
   7          
   8          #include "stc15.h"
   9          #include "ds1302.h"
  10          //#include <intrins.h>
  11          
  12          sbit SCK=P1^7;    
  13          sbit IO=P2^3;   
  14          sbit RST = P1^3;   // DS1302复位                        
  15           
  16          unsigned char read( unsigned char address )
  17          {
  18   1        unsigned char i,dat1,dat2,temp;
  19   1        RST=0;
  20   1        SCK=0;
  21   1        RST=1;
  22   1        writebyte(address);
  23   1        for (i=0;i<8;i++)   
  24   1        {   
  25   2          SCK=0;
  26   2          temp>>=1; 
  27   2          if(IO)
  28   2          {
  29   3          temp|=0x80; 
  30   3          }
  31   2          SCK=1;
  32   2        } 
  33   1        IO=0;
  34   1        dat1 = temp/16;
  35   1        dat2 = temp%16;
  36   1        temp = dat1*10 + dat2;
  37   1        return (temp);      
  38   1      }
  39          
  40          void writebyte(unsigned char dat)
  41          {
  42   1        unsigned char i;
  43   1        for(i=0;i<8;i++)
  44   1        {
  45   2          SCK=0;
  46   2          IO=dat&0x01;
  47   2          dat>>=1;
  48   2          SCK=1;
  49   2        }
  50   1      } 
  51          void write(unsigned char add,unsigned char dat)
  52          {
  53   1        unsigned char num;
  54   1        
C51 COMPILER V9.54   DS1302                                                                03/02/2022 16:18:21 PAGE 2   

  55   1        RST=0;
  56   1        SCK=0;
  57   1        RST=1;
  58   1        writebyte(add);
  59   1        num=(dat/10<<4)+(dat%10);// 55
  60   1        writebyte(num);
  61   1        RST=0;
  62   1      }
  63          
  64          
  65          


MODULE INFORMATION:   STATIC OVERLAYABLE
   CODE SIZE        =    100    ----
   CONSTANT SIZE    =   ----    ----
   XDATA SIZE       =   ----    ----
   PDATA SIZE       =   ----    ----
   DATA SIZE        =   ----       1
   IDATA SIZE       =   ----    ----
   BIT SIZE         =   ----    ----
END OF MODULE INFORMATION.


C51 COMPILATION COMPLETE.  0 WARNING(S),  0 ERROR(S)
